
=====================================================================
This module is intended solely for building or source activating user
python environments, i.e.,

    mamba create -n myenv -c conda-forge

or

    source activate myenv

To list available environments, run:

    mamba info --envs

See our docs: https://links.asu.edu/solpy

Any other use is NOT TESTED.
=====================================================================

  
Traceback (most recent call last):
  File "/home/ctsai67/EEE598/Assignment 3/P3/P3-4.py", line 127, in <module>
    train_loss, train_acc = train(model, train_loader, criterion, optimizer, device)
                            ^^^^^^^^^^^^^^^^^^^^^^^^^^^^^^^^^^^^^^^^^^^^^^^^^^^^^^^^
  File "/home/ctsai67/EEE598/Assignment 3/P3/P3-4.py", line 69, in train
    inputs, targets = inputs.to(device), targets.to(device)
                      ^^^^^^^^^^^^^^^^^
RuntimeError: CUDA error: unspecified launch failure
CUDA kernel errors might be asynchronously reported at some other API call, so the stacktrace below might be incorrect.
For debugging consider passing CUDA_LAUNCH_BLOCKING=1
Compile with `TORCH_USE_CUDA_DSA` to enable device-side assertions.

